<?xml version="1.0" encoding="UTF-8"?>
<!-- Generated by org.testng.reporters.JUnitReportReporter -->
<testsuite skipped="0" hostname="SONY-PC" name="com.test.utility.FormTest" tests="1" failures="0" timestamp="22 May 2019 09:33:08 GMT" time="48.239" errors="0">
  <testcase name="FormPageTest" time="48.239" classname="com.test.utility.FormTest"/>
</testsuite> <!-- com.test.utility.FormTest -->
