<?xml version="1.0" encoding="UTF-8"?>
<!-- Generated by org.testng.reporters.JUnitReportReporter -->
<testsuite skipped="0" hostname="SONY-PC" name="com.test.utility.popuprediff" tests="1" failures="0" timestamp="22 May 2019 06:07:21 GMT" time="10.895" errors="0">
  <testcase name="halfrediffSendKeys" time="10.895" classname="com.test.utility.popuprediff"/>
</testsuite> <!-- com.test.utility.popuprediff -->
