<?xml version="1.0" encoding="UTF-8"?>
<!-- Generated by org.testng.reporters.JUnitReportReporter -->
<testsuite skipped="0" hostname="SONY-PC" name="com.test.utility.halfEbayTest" tests="1" failures="0" timestamp="22 May 2019 05:24:32 GMT" time="35.650" errors="0">
  <testcase name="halfEbaySendKeys" time="35.650" classname="com.test.utility.halfEbayTest"/>
</testsuite> <!-- com.test.utility.halfEbayTest -->
